Recipe App running on port 8000
Recipe Database initialised
0
/home/lnjer001/myapp/node_modules/mysql/lib/protocol/Parser.js:437
      throw err; // Rethrow non-MySQL errors
      ^

TypeError: Cannot read property 'password' of undefined
    at Query.<anonymous> (/home/lnjer001/myapp/routes/main.js:249:38)
    at Query.<anonymous> (/home/lnjer001/myapp/node_modules/mysql/lib/Connection.js:526:10)
    at Query._callback (/home/lnjer001/myapp/node_modules/mysql/lib/Connection.js:488:16)
    at Query.Sequence.end (/home/lnjer001/myapp/node_modules/mysql/lib/protocol/sequences/Sequence.js:83:24)
    at Query._handleFinalResultPacket (/home/lnjer001/myapp/node_modules/mysql/lib/protocol/sequences/Query.js:149:8)
    at Query.EofPacket (/home/lnjer001/myapp/node_modules/mysql/lib/protocol/sequences/Query.js:133:8)
    at Protocol._parsePacket (/home/lnjer001/myapp/node_modules/mysql/lib/protocol/Protocol.js:291:23)
    at Parser._parsePacket (/home/lnjer001/myapp/node_modules/mysql/lib/protocol/Parser.js:433:10)
    at Parser.write (/home/lnjer001/myapp/node_modules/mysql/lib/protocol/Parser.js:43:10)
    at Protocol.write (/home/lnjer001/myapp/node_modules/mysql/lib/protocol/Protocol.js:38:16)
error: Forever detected script exited with code: 1
error: Script restart attempt #1
Recipe App running on port 8000
Recipe Database initialised
0
/home/lnjer001/myapp/node_modules/mysql/lib/protocol/Parser.js:437
      throw err; // Rethrow non-MySQL errors
      ^

TypeError: Cannot read property 'password' of undefined
    at Query.<anonymous> (/home/lnjer001/myapp/routes/main.js:249:38)
    at Query.<anonymous> (/home/lnjer001/myapp/node_modules/mysql/lib/Connection.js:526:10)
    at Query._callback (/home/lnjer001/myapp/node_modules/mysql/lib/Connection.js:488:16)
    at Query.Sequence.end (/home/lnjer001/myapp/node_modules/mysql/lib/protocol/sequences/Sequence.js:83:24)
    at Query._handleFinalResultPacket (/home/lnjer001/myapp/node_modules/mysql/lib/protocol/sequences/Query.js:149:8)
    at Query.EofPacket (/home/lnjer001/myapp/node_modules/mysql/lib/protocol/sequences/Query.js:133:8)
    at Protocol._parsePacket (/home/lnjer001/myapp/node_modules/mysql/lib/protocol/Protocol.js:291:23)
    at Parser._parsePacket (/home/lnjer001/myapp/node_modules/mysql/lib/protocol/Parser.js:433:10)
    at Parser.write (/home/lnjer001/myapp/node_modules/mysql/lib/protocol/Parser.js:43:10)
    at Protocol.write (/home/lnjer001/myapp/node_modules/mysql/lib/protocol/Protocol.js:38:16)
error: Forever detected script exited with code: 1
error: Script restart attempt #2
Recipe App running on port 8000
Recipe Database initialised
1
error: Forever detected script was killed by signal: SIGKILL
